<?xml version="1.0" encoding="UTF-8"?>
<!-- Generated by org.testng.reporters.JUnitReportReporter -->
<testsuite hostname="UIDeveloper" failures="0" tests="2" name="NewClaimant.IFRClaimApply" time="70.485" errors="0" timestamp="2022-10-04T11:12:22 IST" skipped="0">
  <testcase classname="NewClaimant.IFRClaimApply" name="ClaimantLogin" time="15.227"/>
  <system-out/>
  <testcase classname="NewClaimant.IFRClaimApply" name="ApplyNewClaim" time="55.258"/>
  <system-out/>
</testsuite> <!-- NewClaimant.IFRClaimApply -->
