<?xml version="1.0" encoding="UTF-8"?>
<!-- Generated by org.testng.reporters.JUnitReportReporter -->
<testsuite hostname="UIDeveloper" failures="0" tests="1" name="old_Claim_IFR.Register_old_ifr_Apprvd" time="257.916" errors="0" timestamp="2022-07-07T14:34:36 IST" skipped="0">
  <testcase classname="old_Claim_IFR.Register_old_ifr_Apprvd" name="Registerold" time="257.916"/>
  <system-out/>
</testsuite> <!-- old_Claim_IFR.Register_old_ifr_Apprvd -->
