<?xml version="1.0" encoding="UTF-8"?>
<!-- Generated by org.testng.reporters.JUnitReportReporter -->
<testsuite hostname="UIDeveloper" failures="0" tests="1" name="old_Claim.boundary" time="41.170" errors="0" timestamp="2022-05-31T15:39:24 IST" skipped="0">
  <testcase classname="old_Claim.boundary" name="Registerold" time="41.170"/>
  <system-out/>
</testsuite> <!-- old_Claim.boundary -->
