<?xml version="1.0" encoding="UTF-8"?>
<!-- Generated by org.testng.reporters.JUnitReportReporter -->
<testsuite hostname="UIDeveloper" failures="0" tests="1" name="old_Claim_CFR.Inprogressclaims" time="221.453" errors="0" timestamp="2022-06-27T12:38:51 IST" skipped="0">
  <testcase classname="old_Claim_CFR.Inprogressclaims" name="Inprogress" time="221.453"/>
  <system-out/>
</testsuite> <!-- old_Claim_CFR.Inprogressclaims -->
