<?xml version="1.0" encoding="UTF-8"?>
<!-- Generated by org.testng.reporters.JUnitReportReporter -->
<testsuite hostname="UIDeveloper" failures="0" tests="1" name="old_Claim_CFR.Upload_old_CFR_Claim" time="53.932" errors="0" timestamp="2022-06-16T15:07:30 IST" skipped="0">
  <testcase classname="old_Claim_CFR.Upload_old_CFR_Claim" name="Uploadold" time="53.932"/>
  <system-out/>
</testsuite> <!-- old_Claim_CFR.Upload_old_CFR_Claim -->
