<?xml version="1.0" encoding="UTF-8"?>
<!-- Generated by org.testng.reporters.JUnitReportReporter -->
<testsuite hostname="UIDeveloper" failures="0" tests="1" name="old_Claim.Upload_old_IFR_Claim" time="77.181" errors="0" timestamp="2022-05-26T17:18:48 IST" skipped="0">
  <testcase classname="old_Claim.Upload_old_IFR_Claim" name="Uploadold" time="77.181"/>
  <system-out/>
</testsuite> <!-- old_Claim.Upload_old_IFR_Claim -->
