<?xml version="1.0" encoding="UTF-8"?>
<!-- Generated by org.testng.reporters.JUnitReportReporter -->
<testsuite hostname="UIDeveloper" failures="0" tests="1" name="old_Claim.Register_old_ifr_Apprvd" time="228.570" errors="0" timestamp="2022-05-24T18:29:14 IST" skipped="0">
  <testcase classname="old_Claim.Register_old_ifr_Apprvd" name="Registerold" time="228.570"/>
  <system-out/>
</testsuite> <!-- old_Claim.Register_old_ifr_Apprvd -->
