<?xml version="1.0" encoding="UTF-8"?>
<!-- Generated by org.testng.reporters.JUnitReportReporter -->
<testsuite hostname="UIDeveloper" failures="0" tests="1" name="old_Claim_CFR.Register_old_CFR_Rejected" time="180.151" errors="0" timestamp="2022-06-17T10:46:20 IST" skipped="0">
  <testcase classname="old_Claim_CFR.Register_old_CFR_Rejected" name="Registerold" time="180.151"/>
  <system-out/>
</testsuite> <!-- old_Claim_CFR.Register_old_CFR_Rejected -->
