<?xml version="1.0" encoding="UTF-8"?>
<!-- Generated by org.testng.reporters.JUnitReportReporter -->
<testsuite hostname="UIDeveloper" failures="0" tests="1" name="Program_meeting.Create_program_Meeting" time="39.995" errors="0" timestamp="2022-06-28T11:15:02 IST" skipped="0">
  <testcase classname="Program_meeting.Create_program_Meeting" name="Program_meeting" time="39.995"/>
  <system-out/>
</testsuite> <!-- Program_meeting.Create_program_Meeting -->
