<?xml version="1.0" encoding="UTF-8"?>
<!-- Generated by org.testng.reporters.JUnitReportReporter -->
<testsuite hostname="UIDeveloper" failures="0" tests="1" name="old_Claim.familyaddremove" time="83.249" errors="0" timestamp="2022-05-31T16:42:27 IST" skipped="0">
  <testcase classname="old_Claim.familyaddremove" name="Registerold" time="83.249"/>
  <system-out/>
</testsuite> <!-- old_Claim.familyaddremove -->
