<?xml version="1.0" encoding="UTF-8"?>
<!-- Generated by org.testng.reporters.JUnitReportReporter -->
<testsuite hostname="UIDeveloper" failures="0" tests="1" name="old_Claim.Old_IFR_claim_uploaddocumnt" time="65.796" errors="0" timestamp="2022-05-31T11:17:53 IST" skipped="0">
  <testcase classname="old_Claim.Old_IFR_claim_uploaddocumnt" name="Uploadold" time="65.796"/>
  <system-out/>
</testsuite> <!-- old_Claim.Old_IFR_claim_uploaddocumnt -->
