<?xml version="1.0" encoding="UTF-8"?>
<!-- Generated by org.testng.reporters.JUnitReportReporter -->
<testsuite hostname="UIDeveloper" failures="0" tests="1" name="old_Claim.Areadetails" time="68.821" errors="0" timestamp="2022-05-31T16:43:43 IST" skipped="0">
  <testcase classname="old_Claim.Areadetails" name="Registerold" time="68.821"/>
  <system-out/>
</testsuite> <!-- old_Claim.Areadetails -->
