<?xml version="1.0" encoding="UTF-8"?>
<!-- Generated by org.testng.reporters.JUnitReportReporter -->
<testsuite hostname="UIDeveloper" failures="0" tests="1" name="old_Claim.Mar_unmrd" time="57.131" errors="0" timestamp="2022-05-31T16:17:38 IST" skipped="0">
  <testcase classname="old_Claim.Mar_unmrd" name="Registerold" time="57.131"/>
  <system-out/>
</testsuite> <!-- old_Claim.Mar_unmrd -->
