<?xml version="1.0" encoding="UTF-8"?>
<!-- Generated by org.testng.reporters.JUnitReportReporter -->
<testsuite hostname="UIDeveloper" failures="0" tests="1" name="claimant.VFRC_committee_upld_document" time="38.038" errors="0" timestamp="2022-07-13T14:28:47 IST" skipped="0">
  <testcase classname="claimant.VFRC_committee_upld_document" name="Uploadold" time="38.038"/>
  <system-out/>
</testsuite> <!-- claimant.VFRC_committee_upld_document -->
