<?xml version="1.0" encoding="UTF-8"?>
<!-- Generated by org.testng.reporters.JUnitReportReporter -->
<testsuite hostname="UIDeveloper" failures="0" tests="1" name="old_Claim_IFR.Register_old_ifr_Rejcted" time="117.742" errors="0" timestamp="2022-08-23T15:30:59 IST" skipped="0">
  <testcase classname="old_Claim_IFR.Register_old_ifr_Rejcted" name="Registerold" time="117.742"/>
  <system-out/>
</testsuite> <!-- old_Claim_IFR.Register_old_ifr_Rejcted -->
