<?xml version="1.0" encoding="UTF-8"?>
<!-- Generated by org.testng.reporters.JUnitReportReporter -->
<testsuite hostname="UIDeveloper" failures="0" tests="1" name="old_Claim.Register_old_ifr_Rejcted" time="258.854" errors="0" timestamp="2022-05-31T10:52:09 IST" skipped="0">
  <testcase classname="old_Claim.Register_old_ifr_Rejcted" name="Registerold" time="258.854"/>
  <system-out/>
</testsuite> <!-- old_Claim.Register_old_ifr_Rejcted -->
