<?xml version="1.0" encoding="UTF-8"?>
<!-- Generated by org.testng.reporters.JUnitReportReporter -->
<testsuite hostname="UIDeveloper" failures="0" tests="1" name="old_Claim_CFR.Old_CFR_claim_uploaddocumnt" time="82.200" errors="0" timestamp="2022-06-17T14:22:15 IST" skipped="0">
  <testcase classname="old_Claim_CFR.Old_CFR_claim_uploaddocumnt" name="Uploadold" time="82.200"/>
  <system-out/>
</testsuite> <!-- old_Claim_CFR.Old_CFR_claim_uploaddocumnt -->
